#
# A fatal error has been detected by the Java Runtime Environment:
#
#  EXCEPTION_ACCESS_VIOLATION (0xc0000005) at pc=0x000000001d38c750, pid=3716, tid=4880
#
# JRE version: 6.0_17-b04
# Java VM: Java HotSpot(TM) 64-Bit Server VM (14.3-b01 mixed mode windows-amd64 )
# Problematic frame:
# C  0x000000001d38c750
#
# If you would like to submit a bug report, please visit:
#   http://java.sun.com/webapps/bugreport/crash.jsp
# The crash happened outside the Java Virtual Machine in native code.
# See problematic frame for where to report the bug.
#

---------------  T H R E A D  ---------------

Current thread (0x000000004db38800):  JavaThread "AWT-EventQueue-0" [_thread_in_native, id=4880, stack(0x0000000021560000,0x00000000215e0000)]

siginfo: ExceptionCode=0xc0000005, reading address 0x0000000000000008

Registers:
EAX=0x000000000000000d, EBX=0x000000004db389b8, ECX=0x0000000000000000, EDX=0x0000000029011952
ESP=0x00000000215de308, EBP=0x000000004e922d50, ESI=0x000000004db389b8, EDI=0x000000004e185930
EIP=0x000000001d38c750, EFLAGS=0x0000000000010206

Top of Stack: (sp=0x00000000215de308)
0x00000000215de308:   000000001d33589c 0000000000000000
0x00000000215de318:   000000004db389b8 000000004e922d50
0x00000000215de328:   000000004db389b8 0000000188ab7780
0x00000000215de338:   000000004db389b8 00000000215df020
0x00000000215de348:   000000001d313810 000000004db389b8
0x00000000215de358:   00000000215dea00 00000000215de9d8
0x00000000215de368:   000000004e922d50 0000001c00000780
0x00000000215de378:   000000001d332151 0000000188d9a4c8
0x00000000215de388:   00000000215de9e0 0000000000000000
0x00000000215de398:   00000000215de9d8 0000000200000000
0x00000000215de3a8:   0000000219a097f0 0000000219c34ca8
0x00000000215de3b8:   0000000039cb6c4c 0000000000000000
0x00000000215de3c8:   0000000219c01620 0000000180446150
0x00000000215de3d8:   000000003a0ce078 0000000219be3af0
0x00000000215de3e8:   0000000219be38f8 000000003a27b90c
0x00000000215de3f8:   0000000188d91cf0 0000000219c012f0 

Instructions: (pc=0x000000001d38c750)
0x000000001d38c740:   48 8b 41 08 48 8b 80 18 0c 00 00 c3 cc cc cc cc
0x000000001d38c750:   48 8b 49 08 48 85 c9 74 05 e9 72 f6 fd ff 33 c0 


Stack: [0x0000000021560000,0x00000000215e0000],  sp=0x00000000215de308,  free space=504k
Native frames: (J=compiled Java code, j=interpreted, Vv=VM code, C=native code)
C  0x000000001d38c750

Java frames: (J=compiled Java code, j=interpreted, Vv=VM code)
J  sun.java2d.windows.GDIBlitLoops.nativeBlit(Lsun/java2d/SurfaceData;Lsun/java2d/SurfaceData;Lsun/java2d/pipe/Region;IIIIIIIIIZ)V
J  sun.java2d.windows.GDIBlitLoops.Blit(Lsun/java2d/SurfaceData;Lsun/java2d/SurfaceData;Ljava/awt/Composite;Lsun/java2d/pipe/Region;IIIIII)V
J  sun.java2d.pipe.DrawImage.copyImage(Lsun/java2d/SunGraphics2D;Ljava/awt/Image;IILjava/awt/Color;Ljava/awt/image/ImageObserver;)Z
J  sun.java2d.pipe.ValidatePipe.copyImage(Lsun/java2d/SunGraphics2D;Ljava/awt/Image;IILjava/awt/Color;Ljava/awt/image/ImageObserver;)Z
J  sun.java2d.SunGraphics2D.drawImage(Ljava/awt/Image;IILjava/awt/Color;Ljava/awt/image/ImageObserver;)Z
J  javax.swing.RepaintManager$PaintManager.paintDoubleBuffered(Ljavax/swing/JComponent;Ljava/awt/Image;Ljava/awt/Graphics;IIII)V
J  javax.swing.RepaintManager$PaintManager.paint(Ljavax/swing/JComponent;Ljavax/swing/JComponent;Ljava/awt/Graphics;IIII)Z
J  javax.swing.BufferStrategyPaintManager.paint(Ljavax/swing/JComponent;Ljavax/swing/JComponent;Ljava/awt/Graphics;IIII)Z
J  javax.swing.JComponent.paint(Ljava/awt/Graphics;)V
j  java.awt.GraphicsCallback$PaintCallback.run(Ljava/awt/Component;Ljava/awt/Graphics;)V+2
j  sun.awt.SunGraphicsCallback.runOneComponent(Ljava/awt/Component;Ljava/awt/Rectangle;Ljava/awt/Graphics;Ljava/awt/Shape;I)V+155
J  sun.awt.SunGraphicsCallback.runComponents([Ljava/awt/Component;Ljava/awt/Graphics;I)V
j  java.awt.Container.paint(Ljava/awt/Graphics;)V+73
J  javax.swing.RepaintManager.paintDirtyRegions(Ljava/util/Map;)V
J  javax.swing.SystemEventQueueUtilities$ComponentWorkRequest.run()V
J  java.awt.event.InvocationEvent.dispatch()V
J  java.awt.EventDispatchThread.pumpOneEventForFilters(I)Z
J  java.awt.EventDispatchThread.pumpEventsForFilter(ILjava/awt/Conditional;Ljava/awt/EventFilter;)V
j  java.awt.EventDispatchThread.pumpEventsForHierarchy(ILjava/awt/Conditional;Ljava/awt/Component;)V+11
j  java.awt.EventDispatchThread.pumpEvents(ILjava/awt/Conditional;)V+4
j  java.awt.EventDispatchThread.pumpEvents(Ljava/awt/Conditional;)V+3
j  java.awt.EventDispatchThread.run()V+9
v  ~StubRoutines::call_stub

---------------  P R O C E S S  ---------------

Java Threads: ( => current thread )
  0x000000004d8f0000 JavaThread "Code Analyzer updating thread" [_thread_blocked, id=5024, stack(0x00000000501c0000,0x0000000050240000)]
  0x000000004d8f4000 JavaThread "Code Analyzer updating thread" [_thread_blocked, id=8468, stack(0x000000004fb40000,0x000000004fbc0000)]
  0x000000004e428000 JavaThread "Code Analyzer updating thread" [_thread_blocked, id=8776, stack(0x00000000276a0000,0x0000000027720000)]
  0x000000004d312000 JavaThread "Timer-497" daemon [_thread_blocked, id=6128, stack(0x00000000270e0000,0x0000000027160000)]
  0x000000004d311000 JavaThread "Main message loop" daemon [_thread_in_native, id=4644, stack(0x0000000025dd0000,0x0000000025e50000)]
  0x000000004d310800 JavaThread "com.jniwrapper.NativeResourceCollector" daemon [_thread_blocked, id=8496, stack(0x0000000027770000,0x00000000277f0000)]
  0x000000004db0c800 JavaThread "Code Analyzer updating thread" [_thread_blocked, id=7192, stack(0x0000000025550000,0x00000000255d0000)]
  0x000000004e424000 JavaThread "Code Analyzer updating thread" [_thread_blocked, id=8396, stack(0x0000000027470000,0x00000000274f0000)]
  0x000000004e423000 JavaThread "Code Analyzer updating thread" [_thread_blocked, id=3216, stack(0x0000000027360000,0x00000000273e0000)]
  0x000000004d8ee000 JavaThread "pool-7-thread-1" [_thread_blocked, id=6976, stack(0x0000000025f00000,0x0000000025f80000)]
  0x000000004e425800 JavaThread "Timer-165" [_thread_blocked, id=8680, stack(0x0000000025e50000,0x0000000025ed0000)]
  0x000000004d8ec800 JavaThread "Swing-Shell" daemon [_thread_blocked, id=3892, stack(0x000000001cb70000,0x000000001cbf0000)]
  0x000000004e424800 JavaThread "Foxtrot Single Worker Thread #1" daemon [_thread_blocked, id=6180, stack(0x000000001d220000,0x000000001d2a0000)]
  0x000000004db09800 JavaThread "Prefs Updater" daemon [_thread_blocked, id=7704, stack(0x0000000019c90000,0x0000000019d10000)]
  0x000000004e422800 JavaThread "Active Reference Queue Daemon" daemon [_thread_blocked, id=5732, stack(0x000000004fdf0000,0x000000004fe70000)]
  0x000000004db0d800 JavaThread "Timer-6" daemon [_thread_blocked, id=4324, stack(0x000000004f890000,0x000000004f910000)]
  0x000000004db0e800 JavaThread "Timer-5" daemon [_thread_blocked, id=704, stack(0x000000004fcf0000,0x000000004fd70000)]
  0x000000004db0d000 JavaThread "Explorer NavigationContext request queue" [_thread_blocked, id=4944, stack(0x000000004fbf0000,0x000000004fc70000)]
  0x000000004db0b800 JavaThread "AddressBar directory emptiness poller" [_thread_blocked, id=7112, stack(0x000000004faa0000,0x000000004fb20000)]
  0x000000004db0b000 JavaThread "Explorer Refresh Service 1368852881" [_thread_blocked, id=3996, stack(0x000000004f9d0000,0x000000004fa50000)]
  0x000000004db08800 JavaThread "TimerQueue" daemon [_thread_blocked, id=2872, stack(0x0000000044d70000,0x0000000044df0000)]
  0x000000004db08000 JavaThread "Thread-5" daemon [_thread_blocked, id=4860, stack(0x000000002d8e0000,0x000000002d960000)]
  0x000000004db07000 JavaThread "FelixPackageAdmin" daemon [_thread_blocked, id=4340, stack(0x0000000035ad0000,0x0000000035b50000)]
  0x000000004ddbb800 JavaThread "FelixStartLevel" daemon [_thread_blocked, id=3208, stack(0x0000000035a10000,0x0000000035a90000)]
  0x000000004dbb7800 JavaThread "FelixDispatchQueue" daemon [_thread_blocked, id=1972, stack(0x0000000025600000,0x0000000025680000)]
=>0x000000004db38800 JavaThread "AWT-EventQueue-0" [_thread_in_native, id=4880, stack(0x0000000021560000,0x00000000215e0000)]
  0x000000004db4c000 JavaThread "com.google.common.base.internal.Finalizer" daemon [_thread_blocked, id=6100, stack(0x0000000029730000,0x00000000297b0000)]
  0x000000004db11000 JavaThread "AWT-Windows" daemon [_thread_in_native, id=6188, stack(0x000000000e410000,0x000000000e490000)]
  0x000000004db0f000 JavaThread "AWT-Shutdown" [_thread_blocked, id=6848, stack(0x0000000019220000,0x00000000192a0000)]
  0x000000000fe54800 JavaThread "Java2D Disposer" daemon [_thread_blocked, id=7116, stack(0x0000000015090000,0x0000000015110000)]
  0x000000004d47f800 JavaThread "Timer-0" [_thread_blocked, id=4620, stack(0x0000000015010000,0x0000000015090000)]
  0x000000004d77f000 JavaThread "EventMgr Dispatcher" daemon [_thread_in_native, id=5684, stack(0x00000000098e0000,0x000000000d8e0000)]
  0x000000000feb1000 JavaThread "Low Memory Detector" daemon [_thread_blocked, id=2160, stack(0x0000000010e60000,0x0000000010ee0000)]
  0x000000000fea9800 JavaThread "CompilerThread1" daemon [_thread_blocked, id=4976, stack(0x0000000058a80000,0x000000005ca80000)]
  0x000000000fea3800 JavaThread "CompilerThread0" daemon [_thread_blocked, id=5372, stack(0x0000000054890000,0x0000000058890000)]
  0x000000000fea1000 JavaThread "Attach Listener" daemon [_thread_blocked, id=4904, stack(0x000000000e190000,0x000000000e210000)]
  0x000000000fe4b000 JavaThread "Finalizer" daemon [_thread_blocked, id=3876, stack(0x000000000e390000,0x000000000e410000)]
  0x0000000006d08000 JavaThread "Reference Handler" daemon [_thread_blocked, id=2116, stack(0x000000000df80000,0x000000000e000000)]
  0x0000000006c50000 JavaThread "main" [_thread_in_native, id=6964, stack(0x0000000000070000,0x0000000004070000)]

Other Threads:
  0x000000000fe42800 VMThread [stack: 0x0000000050260000,0x0000000054260000] [id=4716]
  0x000000000fedd000 WatcherThread [stack: 0x0000000061680000,0x0000000065680000] [id=1476]

VM state:not at safepoint (normal execution)

VM Mutex/Monitor currently owned by a thread: None

Heap
 PSYoungGen      total 49216K, used 29028K [0x0000000218010000, 0x000000021c140000, 0x0000000248010000)
  eden space 32960K, 87% used [0x0000000218010000,0x0000000219c51048,0x000000021a040000)
  from space 16256K, 0% used [0x000000021b160000,0x000000021b178000,0x000000021c140000)
  to   space 16896K, 0% used [0x000000021a040000,0x000000021a040000,0x000000021b0c0000)
 PSOldGen        total 426176K, used 249046K [0x0000000188010000, 0x00000001a2040000, 0x0000000218010000)
  object space 426176K, 58% used [0x0000000188010000,0x0000000197345bf8,0x00000001a2040000)
 PSPermGen       total 78528K, used 78008K [0x0000000180010000, 0x0000000184cc0000, 0x0000000188010000)
  object space 78528K, 99% used [0x0000000180010000,0x0000000184c3e108,0x0000000184cc0000)

Dynamic libraries:
0x000000013fd40000 - 0x000000013fd6d000 	C:\Program Files\MATLAB\R2012b\bin\win64\MATLAB.exe
0x0000000077220000 - 0x00000000773ca000 	C:\WINDOWS\SYSTEM32\ntdll.dll
0x0000000077100000 - 0x000000007721f000 	C:\WINDOWS\system32\kernel32.dll
0x000007fefd020000 - 0x000007fefd08a000 	C:\WINDOWS\system32\KERNELBASE.dll
0x0000000074460000 - 0x000000007451f000 	C:\Program Files\MATLAB\R2012b\bin\win64\libut.dll
0x00000000758a0000 - 0x000000007595c000 	C:\Program Files\MATLAB\R2012b\bin\win64\libmwi18n.dll
0x0000000180000000 - 0x000000018000b000 	C:\Program Files\MATLAB\R2012b\bin\win64\libmwresource_core.dll
0x000000006bb60000 - 0x000000006bc33000 	C:\WINDOWS\WinSxS\amd64_microsoft.vc90.crt_1fc8b3b9a1e18e3b_9.0.30729.6161_none_08e61857a83bc251\MSVCP90.dll
0x000000006bc70000 - 0x000000006bd13000 	C:\WINDOWS\WinSxS\amd64_microsoft.vc90.crt_1fc8b3b9a1e18e3b_9.0.30729.6161_none_08e61857a83bc251\MSVCR90.dll
0x000000007a170000 - 0x000000007a19c000 	C:\Program Files\MATLAB\R2012b\bin\win64\boost_filesystem-vc90-mt-1_44.dll
0x000000007a560000 - 0x000000007a569000 	C:\Program Files\MATLAB\R2012b\bin\win64\boost_system-vc90-mt-1_44.dll
0x000007feff0a0000 - 0x000007feff17b000 	C:\WINDOWS\system32\ADVAPI32.dll
0x000007fefe7e0000 - 0x000007fefe87f000 	C:\WINDOWS\system32\msvcrt.dll
0x000007fefea10000 - 0x000007fefea2f000 	C:\WINDOWS\SYSTEM32\sechost.dll
0x000007fefd360000 - 0x000007fefd48d000 	C:\WINDOWS\system32\RPCRT4.dll
0x000000007a010000 - 0x000000007a035000 	C:\Program Files\MATLAB\R2012b\bin\win64\LIBEXPAT.dll
0x00000000775d0000 - 0x00000000777c1000 	C:\Program Files\MATLAB\R2012b\bin\win64\icuin44.dll
0x0000000077cb0000 - 0x0000000077e21000 	C:\Program Files\MATLAB\R2012b\bin\win64\icuuc44.dll
0x0000000010000000 - 0x0000000010e41000 	C:\Program Files\MATLAB\R2012b\bin\win64\icudt44.dll
0x0000000073f70000 - 0x000000007411d000 	C:\Program Files\MATLAB\R2012b\bin\win64\libmwfl.dll
0x0000000004250000 - 0x0000000004606000 	C:\Program Files\MATLAB\R2012b\bin\win64\libmwMATLAB_res.dll
0x000000007a3b0000 - 0x000000007a3c0000 	C:\Program Files\MATLAB\R2012b\bin\win64\boost_date_time-vc90-mt-1_44.dll
0x000000007a250000 - 0x000000007a263000 	C:\Program Files\MATLAB\R2012b\bin\win64\boost_signals-vc90-mt-1_44.dll
0x000000007a2d0000 - 0x000000007a2e2000 	C:\Program Files\MATLAB\R2012b\bin\win64\boost_thread-vc90-mt-1_44.dll
0x0000000004650000 - 0x000000000470d000 	C:\Program Files\MATLAB\R2012b\bin\win64\boost_log-vc90-mt-1_44.dll
0x00000000773e0000 - 0x00000000773e7000 	C:\WINDOWS\system32\PSAPI.DLL
0x000007fefd490000 - 0x000007fefd4dd000 	C:\WINDOWS\system32\WS2_32.dll
0x000007fefea30000 - 0x000007fefea38000 	C:\WINDOWS\system32\NSI.dll
0x0000000004720000 - 0x0000000004766000 	C:\Program Files\MATLAB\R2012b\bin\win64\tbb.dll
0x000007feff280000 - 0x000007feff299000 	C:\WINDOWS\system32\imagehlp.dll
0x0000000061590000 - 0x00000000615a3000 	C:\Program Files\MATLAB\R2012b\bin\win64\icuio44.dll
0x000007fefa3d0000 - 0x000007fefa4f5000 	C:\WINDOWS\system32\dbghelp.dll
0x0000000077000000 - 0x00000000770fa000 	C:\WINDOWS\system32\USER32.dll
0x000007fefd4e0000 - 0x000007fefd547000 	C:\WINDOWS\system32\GDI32.dll
0x000007fefd550000 - 0x000007fefd55e000 	C:\WINDOWS\system32\LPK.dll
0x000007feff180000 - 0x000007feff24a000 	C:\WINDOWS\system32\USP10.dll
0x0000000004790000 - 0x0000000004a6c000 	C:\Program Files\MATLAB\R2012b\bin\win64\libmwservices.dll
0x0000000075a20000 - 0x0000000075af3000 	C:\Program Files\MATLAB\R2012b\bin\win64\libmx.dll
0x0000000004a90000 - 0x0000000004ab9000 	C:\Program Files\MATLAB\R2012b\bin\win64\tbbmalloc.dll
0x000000007a210000 - 0x000000007a228000 	C:\Program Files\MATLAB\R2012b\bin\win64\zlib1.dll
0x0000000004ae0000 - 0x0000000004b2d000 	C:\Program Files\MATLAB\R2012b\bin\win64\libmwregexp.dll
0x0000000004b40000 - 0x0000000004b63000 	C:\Program Files\MATLAB\R2012b\bin\win64\libmwmfl_scalar.dll
0x0000000075f10000 - 0x0000000075f60000 	C:\Program Files\MATLAB\R2012b\bin\win64\mpath.dll
0x000000007b680000 - 0x000000007bc9a000 	C:\Program Files\MATLAB\R2012b\bin\win64\mlutil.dll
0x00000000754d0000 - 0x0000000075551000 	C:\Program Files\MATLAB\R2012b\bin\win64\xmlcore.dll
0x0000000004bb0000 - 0x0000000004e03000 	C:\Program Files\MATLAB\R2012b\bin\win64\xerces-c_2_7.dll
0x0000000004e20000 - 0x0000000004e40000 	C:\Program Files\MATLAB\R2012b\bin\win64\libmwMATLAB_settings_res.dll
0x0000000004e50000 - 0x0000000004e60000 	C:\Program Files\MATLAB\R2012b\bin\win64\boost_iostreams-vc90-mt-1_44.dll
0x0000000004e70000 - 0x0000000004eb7000 	C:\Program Files\MATLAB\R2012b\bin\win64\boost_serialization-vc90-mt-1_44.dll
0x000007fefd9d0000 - 0x000007fefe75a000 	C:\WINDOWS\system32\SHELL32.dll
0x000007fefe760000 - 0x000007fefe7d1000 	C:\WINDOWS\system32\SHLWAPI.dll
0x000007fef5f10000 - 0x000007fef5fb0000 	C:\WINDOWS\WinSxS\amd64_microsoft.windows.common-controls_6595b64144ccf1df_5.82.7601.18837_none_a4d981ff711297b6\COMCTL32.dll
0x000007fefeec0000 - 0x000007fefef57000 	C:\WINDOWS\system32\COMDLG32.dll
0x000007fefaea0000 - 0x000007fefaeb6000 	C:\WINDOWS\system32\NETAPI32.dll
0x000007fefc390000 - 0x000007fefc39c000 	C:\WINDOWS\system32\netutils.dll
0x000007fefcce0000 - 0x000007fefcd03000 	C:\WINDOWS\system32\srvcli.dll
0x000007fefae80000 - 0x000007fefae95000 	C:\WINDOWS\system32\wkscli.dll
0x000007fefd560000 - 0x000007fefd763000 	C:\WINDOWS\system32\ole32.dll
0x000007fefef60000 - 0x000007feff038000 	C:\WINDOWS\system32\OLEAUT32.dll
0x0000000074970000 - 0x0000000074a31000 	C:\Program Files\MATLAB\R2012b\bin\win64\mcr.dll
0x0000000075000000 - 0x00000000753e9000 	C:\Program Files\MATLAB\R2012b\bin\win64\iqm.dll
0x0000000074e80000 - 0x0000000074f38000 	C:\Program Files\MATLAB\R2012b\bin\win64\m_dispatcher.dll
0x0000000074880000 - 0x000000007496d000 	C:\Program Files\MATLAB\R2012b\bin\win64\boost_regex-vc90-mt-1_44.dll
0x000007feec630000 - 0x000007feecea1000 	C:\Program Files\MATLAB\R2012b\bin\win64\m_interpreter.dll
0x0000000061560000 - 0x0000000061587000 	C:\Program Files\MATLAB\R2012b\bin\win64\libmex.dll
0x00000000747b0000 - 0x0000000074834000 	C:\Program Files\MATLAB\R2012b\bin\win64\profiler.dll
0x0000000004f40000 - 0x00000000051aa000 	C:\Program Files\MATLAB\R2012b\bin\win64\libmwmathutil.dll
0x0000000079f40000 - 0x0000000079f6e000 	C:\Program Files\MATLAB\R2012b\bin\win64\libmwmathrng.dll
0x00000000051d0000 - 0x00000000051e2000 	C:\Program Files\MATLAB\R2012b\bin\win64\libmwmfl_rng.dll
0x0000000074c10000 - 0x0000000074cee000 	C:\Program Files\MATLAB\R2012b\bin\win64\libmwmathcore.dll
0x0000000076160000 - 0x00000000761ca000 	C:\Program Files\MATLAB\R2012b\bin\win64\libmwspmatrix.dll
0x0000000075ea0000 - 0x0000000075f02000 	C:\Program Files\MATLAB\R2012b\bin\win64\libmwcholmod.dll
0x000000007a460000 - 0x000000007a46d000 	C:\Program Files\MATLAB\R2012b\bin\win64\libmwamd.dll
0x000000007a4b0000 - 0x000000007a4bc000 	C:\Program Files\MATLAB\R2012b\bin\win64\libmwcolamd.dll
0x000000007a290000 - 0x000000007a2a9000 	C:\Program Files\MATLAB\R2012b\bin\win64\libmwblas.dll
0x000000007a310000 - 0x000000007a321000 	C:\Program Files\MATLAB\R2012b\bin\win64\libmwbinder.dll
0x000000007a4d0000 - 0x000000007a4dc000 	C:\Program Files\MATLAB\R2012b\bin\win64\libmwompwrapper.dll
0x0000000005280000 - 0x0000000005305000 	C:\Program Files\MATLAB\R2012b\bin\win64\libmwlapack.dll
0x000000005f5b0000 - 0x000000005f5d1000 	C:\Program Files\MATLAB\R2012b\bin\win64\m_pcodeio.dll
0x0000000079b10000 - 0x0000000079b77000 	C:\Program Files\MATLAB\R2012b\bin\win64\m_ir.dll
0x0000000078670000 - 0x0000000078ce0000 	C:\Program Files\MATLAB\R2012b\bin\win64\m_parser.dll
0x000000005f490000 - 0x000000005f4aa000 	C:\Program Files\MATLAB\R2012b\bin\win64\ir_xfmr.dll
0x000007fef2410000 - 0x000007fef26a6000 	C:\Program Files\MATLAB\R2012b\bin\win64\mcos.dll
0x000000005ef10000 - 0x000000005ef21000 	C:\Program Files\MATLAB\R2012b\bin\win64\mtok.dll
0x000000005ee50000 - 0x000000005ee81000 	C:\Program Files\MATLAB\R2012b\bin\win64\m_pcodegen.dll
0x0000000079fb0000 - 0x0000000079fe6000 	C:\Program Files\MATLAB\R2012b\bin\win64\libmwbridge.dll
0x0000000074290000 - 0x0000000074358000 	C:\Program Files\MATLAB\R2012b\bin\win64\udd.dll
0x0000000073070000 - 0x00000000731c2000 	C:\Program Files\MATLAB\R2012b\bin\win64\libmwgui.dll
0x000000005d8a0000 - 0x000000005d8b7000 	C:\Program Files\MATLAB\R2012b\bin\win64\graphics_util.dll
0x00000000053d0000 - 0x0000000005e2f000 	C:\Program Files\MATLAB\R2012b\bin\win64\hg.dll
0x0000000005e40000 - 0x0000000005ea8000 	C:\Program Files\MATLAB\R2012b\bin\win64\libmat.dll
0x0000000072d30000 - 0x0000000072f44000 	C:\Program Files\MATLAB\R2012b\bin\win64\hdf5dll.dll
0x0000000075710000 - 0x00000000757de000 	C:\Program Files\MATLAB\R2012b\bin\win64\jmi.dll
0x0000000005ee0000 - 0x0000000005eed000 	C:\Program Files\MATLAB\R2012b\bin\win64\nativejava_services.dll
0x0000000050110000 - 0x0000000050156000 	C:\Program Files\MATLAB\R2012b\bin\win64\libmwhardcopy.dll
0x0000000075bd0000 - 0x0000000075c33000 	C:\Program Files\MATLAB\R2012b\bin\win64\libuij.dll
0x0000000072930000 - 0x0000000072b94000 	C:\Program Files\MATLAB\R2012b\bin\win64\hgdatatypes.dll
0x0000000005f30000 - 0x000000000604f000 	C:\Program Files\MATLAB\R2012b\bin\win64\hgutils.dll
0x0000000006060000 - 0x0000000006120000 	C:\Program Files\MATLAB\R2012b\bin\win64\udd_mi.dll
0x0000000006130000 - 0x000000000616b000 	C:\Program Files\MATLAB\R2012b\bin\win64\libmwgbtutils.dll
0x0000000006180000 - 0x000000000619b000 	C:\Program Files\MATLAB\R2012b\bin\win64\libmwgbt.dll
0x00000000061b0000 - 0x0000000006481000 	C:\Program Files\MATLAB\R2012b\bin\win64\uiw.dll
0x000000006d460000 - 0x000000006d46f000 	C:\Program Files\MATLAB\R2012b\bin\win64\uinone.dll
0x00000000064b0000 - 0x00000000064d9000 	C:\Program Files\MATLAB\R2012b\bin\win64\libmwnativefiledialogs.dll
0x00000000064f0000 - 0x00000000064f8000 	C:\Program Files\MATLAB\R2012b\bin\win64\libmwplatform_res.dll
0x000007fef9f40000 - 0x000007fef9f58000 	C:\WINDOWS\system32\MPR.dll
0x0000000006510000 - 0x00000000069f4000 	C:\WINDOWS\WinSxS\amd64_microsoft.vc90.mfc_1fc8b3b9a1e18e3b_9.0.30729.6161_none_044aad0bab1eb146\mfc90.dll
0x000007fef9fd0000 - 0x000007fef9fd7000 	C:\WINDOWS\system32\MSIMG32.dll
0x000007fef71d0000 - 0x000007fef7241000 	C:\WINDOWS\system32\WINSPOOL.DRV
0x000000005d750000 - 0x000000005d772000 	C:\Program Files\MATLAB\R2012b\bin\win64\mwoles05.DLL
0x0000000006a10000 - 0x0000000006a8d000 	C:\Program Files\MATLAB\R2012b\bin\win64\comcli.dll
0x0000000054760000 - 0x000000005478f000 	C:\WINDOWS\WinSxS\amd64_microsoft.vc90.atl_1fc8b3b9a1e18e3b_9.0.30729.6161_none_0a1fd3a3a768b895\ATL90.DLL
0x0000000069930000 - 0x000000006993c000 	C:\Program Files\MATLAB\R2012b\bin\win64\mlautoregister.dll
0x000007feff250000 - 0x000007feff27e000 	C:\WINDOWS\system32\IMM32.DLL
0x000007fefeae0000 - 0x000007fefebe9000 	C:\WINDOWS\system32\MSCTF.dll
0x000007fefb550000 - 0x000007fefb5a6000 	C:\WINDOWS\system32\UxTheme.dll
0x000007fefb3a0000 - 0x000007fefb3b8000 	C:\WINDOWS\system32\dwmapi.dll
0x00000000604f0000 - 0x00000000604fd000 	C:\WINDOWS\WinSxS\amd64_microsoft.vc90.mfcloc_1fc8b3b9a1e18e3b_9.0.30729.6161_none_01c9581e60cbee58\MFC90ENU.DLL
0x000000000d8e0000 - 0x000000000df3d000 	C:\Program Files\MATLAB\R2012b\sys\java\jre\win64\jre\bin\server\jvm.dll
0x000007fefabb0000 - 0x000007fefabeb000 	C:\WINDOWS\system32\WINMM.dll
0x000007fefcfa0000 - 0x000007fefcfaf000 	C:\WINDOWS\system32\profapi.dll
0x000007fefa780000 - 0x000007fefa795000 	C:\WINDOWS\system32\NLAapi.dll
0x000007fef9610000 - 0x000007fef9625000 	C:\WINDOWS\system32\napinsp.dll
0x000007fef9630000 - 0x000007fef9649000 	C:\WINDOWS\system32\pnrpnsp.dll
0x000007fefc740000 - 0x000007fefc795000 	C:\WINDOWS\System32\mswsock.dll
0x000007fefc5c0000 - 0x000007fefc61b000 	C:\WINDOWS\system32\DNSAPI.dll
0x000007fef9600000 - 0x000007fef960b000 	C:\WINDOWS\System32\winrnr.dll
0x000007fef95f0000 - 0x000007fef9600000 	C:\WINDOWS\system32\wshbth.dll

VM Arguments:
jvm_args: -Xss512k -XX:PermSize=32m -Xms64m -XX:NewRatio=3 -XX:MaxPermSize=128m -Xmx3071m -XX:MaxDirectMemorySize=2147400000 -Dsun.java2d.noddraw=true -Dsun.awt.nopixfmt=true -Xshare:off -Xrs -Dsun.awt.disableMixing=true -Djava.library.path=C:\Program Files\MATLAB\R2012b\bin\win64;C:\Program Files\MATLAB\R2012b\sys\jxbrowser\win64\lib vfprintf abort 
java_command: <unknown>
Launcher Type: generic

Environment Variables:
PATH=C:\ProgramData\Oracle\Java\javapath;C:\WINDOWS\system32;C:\WINDOWS;C:\WINDOWS\System32\Wbem;C:\WINDOWS\System32\WindowsPowerShell\v1.0\;C:\M1;C:\Program Files\MATLAB\R2012b\bin;C:\Program Files (x86)\MATLAB\R2011b\bin;C:\Program Files\MATLAB\R2010bSP1\bin;C:\Program Files\SlikSvn\bin;C:\Program Files (x86)\Skype\Phone\;C:\Program Files (x86)\QuickTime\QTSystem\
USERNAME=a.doming
OS=Windows_NT
PROCESSOR_IDENTIFIER=Intel64 Family 6 Model 26 Stepping 5, GenuineIntel



---------------  S Y S T E M  ---------------

OS: Windows 7 Build 7601 Service Pack 1

CPU:total 4 (8 cores per cpu, 2 threads per core) family 6 model 26 stepping 5, cmov, cx8, fxsr, mmx, sse, sse2, sse3, ssse3, sse4.1, sse4.2, ht

Memory: 4k page, physical 12580408k(7299204k free), swap 25158956k(19787500k free)

vm_info: Java HotSpot(TM) 64-Bit Server VM (14.3-b01) for windows-amd64 JRE (1.6.0_17-b04), built on Oct 11 2009 00:46:08 by "java_re" with MS VC++ 8.0

time: Mon May 16 15:47:06 2016
elapsed time: 268232 seconds

